<?xml version="1.0" encoding="UTF-8"?>
<!-- Defines a set of Galacticus models from which plots can be made. -->
<!-- Andrew Benson                                                    -->
<!-- 10-Oct-2012                                                      -->
<parameterGrid>
  <emailReport>no</emailReport>
  <doAnalysis>no</doAnalysis>
  <modelRootDirectory>testSuite/outputs/test-plotting-scripts</modelRootDirectory>
  <baseParameters>testSuite/parameters/test-plotting-scripts-base.xml</baseParameters>
  <launchMethod>pbs</launch>
  <pbs>
    <ompThreads>16</ompThreads>
    <maxJobsInQueue>40</maxJobsInQueue>
    <executable>Galacticus_noMPI.exe</executable>
  </pbs>
  <parameters>
    <formatVersion>2</formatVersion>
    <version>0.9.4</version>
    <outputTimes value="list">
      <redshifts value="0.0 0.07 0.1"/>
    </outputTimes>
    
    <mergerTreeBuildMasses value="sampledDistributionUniform">
      <treesPerDecade value="400"/>
    </mergerTreeBuildMasses>
    
    <!-- Luminosities -->
    <luminosityFilter value="UKIRT_K bJ RGO_I SDSS_g SDSS_r SDSS_i SDSS_z 2MASS_Ks"/>
    <luminosityRedshift value="0.0 0.0 0.0 0.1 0.1 0.1 0.1 0.0"/>
    <luminosityType value="rest rest rest observed observed observed observed observed"/>
  </parameters>
</parameterGrid>
