<?xml version="1.0" encoding="UTF-8"?>
<!-- Defines a set of Galacticus models for Grasil calculations. -->
<!-- Andrew Benson                                               -->
<!-- 12-January-2013                                             -->
<parameterGrid>
  <emailReport>no</emailReport>
  <doAnalysis>no</doAnalysis>
  <modelRootDirectory>testSuite/outputs/test-Grasil</modelRootDirectory>
  <baseParameters>testSuite/parameters/test-Grasil-base.xml</baseParameters>
  <launchMethod>pbs</launch>
  <pbs>
    <ompThreads>16</ompThreads>
    <maxJobsInQueue>40</maxJobsInQueue>
    <executable>Galacticus_noMPI.exe</executable>
  </pbs>
  <parameters>
    <formatVersion>2</formatVersion>
    <version>0.9.4</version>
    
    <!-- Specify output redshifts -->
    <outputTimes value="list">
      <redshifts value="0.0 1.0"/>
    </outputTimes>
    
    <!-- Switch on star formation history tracking for Grasil processing. -->
    <starFormationHistory value="metallicitySplit"/>
    
    <!-- Switch on output of star formation rates. -->
    <nodePropertyExtractor value="multi">
      <nodePropertyExtractor value="starFormationRate" >
	<component value="disk"    />
      </nodePropertyExtractor>
      <nodePropertyExtractor value="starFormationRate" >
	<component value="spheroid"/>
      </nodePropertyExtractor>
    </nodePropertyExtractor>
    
  </parameters>
</parameterGrid>
