<?xml version="1.0"?>
<parameters>
  <formatVersion>2</formatVersion>
  <version>0.9.4</version>

  <mergerTreeBuildMasses value="sampledDistributionUniform">
    <treesPerDecade value="25"/>
    <massTreeMaximum value="1e+14"/>
    <massTreeMinimum value="10000000000"/>
  </mergerTreeBuildMasses>

  <!-- Node evolution and physics -->
  <nodeOperator value="multi">
    <!-- Halo concentrations -->
    <nodeOperator value="darkMatterProfileScaleInterpolate"/>
    <!-- Halo spins -->
    <nodeOperator value="haloSpinRandom">
      <factorReset value="2.0"/>
    </nodeOperator>
    <!-- Star formation -->
    <nodeOperator value="starFormationDisks"/>
    <nodeOperator value="starFormationSpheroids"/>
    <!--Stellar feedback outflows-->
    <nodeOperator value="stellarFeedbackDisks">
      <stellarFeedbackOutflows value="rateLimit">
        <timescaleOutflowFractionalMinimum value="0.001"/>
        <stellarFeedbackOutflows value="powerLaw">
          <velocityCharacteristic value="250.0"/>
          <exponent value="3.5"/>
        </stellarFeedbackOutflows>
      </stellarFeedbackOutflows>
    </nodeOperator>
    <nodeOperator value="stellarFeedbackSpheroids">
      <stellarFeedbackOutflows value="rateLimit">
        <timescaleOutflowFractionalMinimum value="0.001"/>
        <stellarFeedbackOutflows value="powerLaw">
          <velocityCharacteristic value="100.0"/>
          <exponent value="3.5"/>
        </stellarFeedbackOutflows>
      </stellarFeedbackOutflows>
    </nodeOperator>
    <!-- Bar instability in galactic disks -->
    <nodeOperator value="barInstability">
      <galacticDynamicsBarInstability value="efstathiou1982">
	<stabilityThresholdGaseous value="0.7"/>
	<stabilityThresholdStellar value="1.1"/>
      </galacticDynamicsBarInstability>
    </nodeOperator>
  </nodeOperator>

</parameters>
